
*** Running vivado
    with args -log debouncer.vds -m64 -product Vivado -mode batch -messageDb vivado.pb -notrace -source debouncer.tcl



****** Vivado v2021.2 (64-bit)
  **** SW Build 3367213 on Tue Oct 19 02:48:09 MDT 2021
  **** IP Build 3369179 on Thu Oct 21 08:25:16 MDT 2021
    ** Copyright 1986-2021 Xilinx, Inc. All Rights Reserved.

source debouncer.tcl -notrace
Command: read_checkpoint -auto_incremental -incremental D:/Proiecte_PSN/vga_controller/vga_controller.srcs/utils_1/imports/synth_1/vga_controller.dcp
INFO: [Vivado 12-5825] Read reference checkpoint from D:/Proiecte_PSN/vga_controller/vga_controller.srcs/utils_1/imports/synth_1/vga_controller.dcp for incremental synthesis
INFO: [Vivado 12-7989] Please ensure there are no constraint changes
Command: synth_design -top debouncer -part xc7a35tcpg236-1
Starting synth_design
Attempting to get a license for feature 'Synthesis' and/or device 'xc7a35t'
INFO: [Common 17-349] Got license for feature 'Synthesis' and/or device 'xc7a35t'
INFO: [Device 21-403] Loading part xc7a35tcpg236-1
INFO: [Synth 8-7079] Multithreading enabled for synth_design using a maximum of 2 processes.
INFO: [Synth 8-7078] Launching helper process for spawning children vivado processes
INFO: [Synth 8-7075] Helper process launched with PID 16072
---------------------------------------------------------------------------------
Starting RTL Elaboration : Time (s): cpu = 00:00:05 ; elapsed = 00:00:05 . Memory (MB): peak = 1566.445 ; gain = 0.000
---------------------------------------------------------------------------------
INFO: [Synth 8-638] synthesizing module 'debouncer' [D:/Proiecte_PSN/vga_controller/vga_controller.srcs/sources_1/new/debouncer.vhd:25]
INFO: [Synth 8-3491] module 'bist_d' declared at 'D:/Proiecte_PSN/vga_controller/vga_controller.srcs/sources_1/new/bist_d.vhd:4' bound to instance 'B1' of component 'bist_d' [D:/Proiecte_PSN/vga_controller/vga_controller.srcs/sources_1/new/debouncer.vhd:42]
INFO: [Synth 8-638] synthesizing module 'bist_d' [D:/Proiecte_PSN/vga_controller/vga_controller.srcs/sources_1/new/bist_d.vhd:10]
INFO: [Synth 8-256] done synthesizing module 'bist_d' (1#1) [D:/Proiecte_PSN/vga_controller/vga_controller.srcs/sources_1/new/bist_d.vhd:10]
INFO: [Synth 8-3491] module 'bist_d' declared at 'D:/Proiecte_PSN/vga_controller/vga_controller.srcs/sources_1/new/bist_d.vhd:4' bound to instance 'B2' of component 'bist_d' [D:/Proiecte_PSN/vga_controller/vga_controller.srcs/sources_1/new/debouncer.vhd:43]
INFO: [Synth 8-3491] module 'bist_d' declared at 'D:/Proiecte_PSN/vga_controller/vga_controller.srcs/sources_1/new/bist_d.vhd:4' bound to instance 'B3' of component 'bist_d' [D:/Proiecte_PSN/vga_controller/vga_controller.srcs/sources_1/new/debouncer.vhd:44]
INFO: [Synth 8-3491] module 'and_gate_3' declared at 'D:/Proiecte_PSN/vga_controller/vga_controller.srcs/sources_1/new/debouncer.vhd:13' bound to instance 'SI' of component 'and_gate_3' [D:/Proiecte_PSN/vga_controller/vga_controller.srcs/sources_1/new/debouncer.vhd:45]
INFO: [Synth 8-638] synthesizing module 'and_gate_3' [D:/Proiecte_PSN/vga_controller/vga_controller.srcs/sources_1/new/debouncer.vhd:20]
INFO: [Synth 8-256] done synthesizing module 'and_gate_3' (2#1) [D:/Proiecte_PSN/vga_controller/vga_controller.srcs/sources_1/new/debouncer.vhd:20]
INFO: [Synth 8-256] done synthesizing module 'debouncer' (3#1) [D:/Proiecte_PSN/vga_controller/vga_controller.srcs/sources_1/new/debouncer.vhd:25]
---------------------------------------------------------------------------------
Finished RTL Elaboration : Time (s): cpu = 00:00:06 ; elapsed = 00:00:06 . Memory (MB): peak = 1566.445 ; gain = 0.000
---------------------------------------------------------------------------------
---------------------------------------------------------------------------------
Start Handling Custom Attributes
---------------------------------------------------------------------------------
---------------------------------------------------------------------------------
Finished Handling Custom Attributes : Time (s): cpu = 00:00:06 ; elapsed = 00:00:07 . Memory (MB): peak = 1566.445 ; gain = 0.000
---------------------------------------------------------------------------------
---------------------------------------------------------------------------------
Finished RTL Optimization Phase 1 : Time (s): cpu = 00:00:06 ; elapsed = 00:00:07 . Memory (MB): peak = 1566.445 ; gain = 0.000
---------------------------------------------------------------------------------
Netlist sorting complete. Time (s): cpu = 00:00:00 ; elapsed = 00:00:00 . Memory (MB): peak = 1566.445 ; gain = 0.000
INFO: [Project 1-570] Preparing netlist for logic optimization

Processing XDC Constraints
Initializing timing engine
Parsing XDC File [D:/Proiecte_PSN/vga_controller/vga_controller.srcs/constrs_1/new/vga_controller.xdc]
WARNING: [Vivado 12-584] No ports matched 'CLK_100'. [D:/Proiecte_PSN/vga_controller/vga_controller.srcs/constrs_1/new/vga_controller.xdc:1]
CRITICAL WARNING: [Common 17-55] 'set_property' expects at least one object. [D:/Proiecte_PSN/vga_controller/vga_controller.srcs/constrs_1/new/vga_controller.xdc:1]
Resolution: If [get_<value>] was used to populate the object, check to make sure this command returns at least one valid object.
WARNING: [Vivado 12-584] No ports matched 'CLK_100'. [D:/Proiecte_PSN/vga_controller/vga_controller.srcs/constrs_1/new/vga_controller.xdc:2]
CRITICAL WARNING: [Common 17-55] 'set_property' expects at least one object. [D:/Proiecte_PSN/vga_controller/vga_controller.srcs/constrs_1/new/vga_controller.xdc:2]
Resolution: If [get_<value>] was used to populate the object, check to make sure this command returns at least one valid object.
WARNING: [Vivado 12-584] No ports matched 'CLK_100'. [D:/Proiecte_PSN/vga_controller/vga_controller.srcs/constrs_1/new/vga_controller.xdc:3]
CRITICAL WARNING: [Vivado 12-4739] create_clock:No valid object(s) found for '-objects [get_ports CLK_100]'. [D:/Proiecte_PSN/vga_controller/vga_controller.srcs/constrs_1/new/vga_controller.xdc:3]
Resolution: Check if the specified object(s) exists in the current design. If it does, ensure that the correct design hierarchy was specified for the object. If you are working with clocks, make sure create_clock was used to create the clock object before it is referenced.
WARNING: [Vivado 12-584] No ports matched 'VGA_RED_O[0]'. [D:/Proiecte_PSN/vga_controller/vga_controller.srcs/constrs_1/new/vga_controller.xdc:7]
CRITICAL WARNING: [Common 17-55] 'set_property' expects at least one object. [D:/Proiecte_PSN/vga_controller/vga_controller.srcs/constrs_1/new/vga_controller.xdc:7]
Resolution: If [get_<value>] was used to populate the object, check to make sure this command returns at least one valid object.
WARNING: [Vivado 12-584] No ports matched 'VGA_RED_O[0]'. [D:/Proiecte_PSN/vga_controller/vga_controller.srcs/constrs_1/new/vga_controller.xdc:8]
CRITICAL WARNING: [Common 17-55] 'set_property' expects at least one object. [D:/Proiecte_PSN/vga_controller/vga_controller.srcs/constrs_1/new/vga_controller.xdc:8]
Resolution: If [get_<value>] was used to populate the object, check to make sure this command returns at least one valid object.
WARNING: [Vivado 12-584] No ports matched 'VGA_RED_O[1]'. [D:/Proiecte_PSN/vga_controller/vga_controller.srcs/constrs_1/new/vga_controller.xdc:10]
CRITICAL WARNING: [Common 17-55] 'set_property' expects at least one object. [D:/Proiecte_PSN/vga_controller/vga_controller.srcs/constrs_1/new/vga_controller.xdc:10]
Resolution: If [get_<value>] was used to populate the object, check to make sure this command returns at least one valid object.
WARNING: [Vivado 12-584] No ports matched 'VGA_RED_O[1]'. [D:/Proiecte_PSN/vga_controller/vga_controller.srcs/constrs_1/new/vga_controller.xdc:11]
CRITICAL WARNING: [Common 17-55] 'set_property' expects at least one object. [D:/Proiecte_PSN/vga_controller/vga_controller.srcs/constrs_1/new/vga_controller.xdc:11]
Resolution: If [get_<value>] was used to populate the object, check to make sure this command returns at least one valid object.
WARNING: [Vivado 12-584] No ports matched 'VGA_RED_O[2]'. [D:/Proiecte_PSN/vga_controller/vga_controller.srcs/constrs_1/new/vga_controller.xdc:13]
CRITICAL WARNING: [Common 17-55] 'set_property' expects at least one object. [D:/Proiecte_PSN/vga_controller/vga_controller.srcs/constrs_1/new/vga_controller.xdc:13]
Resolution: If [get_<value>] was used to populate the object, check to make sure this command returns at least one valid object.
WARNING: [Vivado 12-584] No ports matched 'VGA_RED_O[2]'. [D:/Proiecte_PSN/vga_controller/vga_controller.srcs/constrs_1/new/vga_controller.xdc:14]
CRITICAL WARNING: [Common 17-55] 'set_property' expects at least one object. [D:/Proiecte_PSN/vga_controller/vga_controller.srcs/constrs_1/new/vga_controller.xdc:14]
Resolution: If [get_<value>] was used to populate the object, check to make sure this command returns at least one valid object.
WARNING: [Vivado 12-584] No ports matched 'VGA_RED_O[3]'. [D:/Proiecte_PSN/vga_controller/vga_controller.srcs/constrs_1/new/vga_controller.xdc:16]
CRITICAL WARNING: [Common 17-55] 'set_property' expects at least one object. [D:/Proiecte_PSN/vga_controller/vga_controller.srcs/constrs_1/new/vga_controller.xdc:16]
Resolution: If [get_<value>] was used to populate the object, check to make sure this command returns at least one valid object.
WARNING: [Vivado 12-584] No ports matched 'VGA_RED_O[3]'. [D:/Proiecte_PSN/vga_controller/vga_controller.srcs/constrs_1/new/vga_controller.xdc:17]
CRITICAL WARNING: [Common 17-55] 'set_property' expects at least one object. [D:/Proiecte_PSN/vga_controller/vga_controller.srcs/constrs_1/new/vga_controller.xdc:17]
Resolution: If [get_<value>] was used to populate the object, check to make sure this command returns at least one valid object.
WARNING: [Vivado 12-584] No ports matched 'VGA_BLUE_O[0]'. [D:/Proiecte_PSN/vga_controller/vga_controller.srcs/constrs_1/new/vga_controller.xdc:19]
CRITICAL WARNING: [Common 17-55] 'set_property' expects at least one object. [D:/Proiecte_PSN/vga_controller/vga_controller.srcs/constrs_1/new/vga_controller.xdc:19]
Resolution: If [get_<value>] was used to populate the object, check to make sure this command returns at least one valid object.
WARNING: [Vivado 12-584] No ports matched 'VGA_BLUE_O[0]'. [D:/Proiecte_PSN/vga_controller/vga_controller.srcs/constrs_1/new/vga_controller.xdc:20]
CRITICAL WARNING: [Common 17-55] 'set_property' expects at least one object. [D:/Proiecte_PSN/vga_controller/vga_controller.srcs/constrs_1/new/vga_controller.xdc:20]
Resolution: If [get_<value>] was used to populate the object, check to make sure this command returns at least one valid object.
WARNING: [Vivado 12-584] No ports matched 'VGA_BLUE_O[1]'. [D:/Proiecte_PSN/vga_controller/vga_controller.srcs/constrs_1/new/vga_controller.xdc:22]
CRITICAL WARNING: [Common 17-55] 'set_property' expects at least one object. [D:/Proiecte_PSN/vga_controller/vga_controller.srcs/constrs_1/new/vga_controller.xdc:22]
Resolution: If [get_<value>] was used to populate the object, check to make sure this command returns at least one valid object.
WARNING: [Vivado 12-584] No ports matched 'VGA_BLUE_O[1]'. [D:/Proiecte_PSN/vga_controller/vga_controller.srcs/constrs_1/new/vga_controller.xdc:23]
CRITICAL WARNING: [Common 17-55] 'set_property' expects at least one object. [D:/Proiecte_PSN/vga_controller/vga_controller.srcs/constrs_1/new/vga_controller.xdc:23]
Resolution: If [get_<value>] was used to populate the object, check to make sure this command returns at least one valid object.
WARNING: [Vivado 12-584] No ports matched 'VGA_BLUE_O[2]'. [D:/Proiecte_PSN/vga_controller/vga_controller.srcs/constrs_1/new/vga_controller.xdc:25]
CRITICAL WARNING: [Common 17-55] 'set_property' expects at least one object. [D:/Proiecte_PSN/vga_controller/vga_controller.srcs/constrs_1/new/vga_controller.xdc:25]
Resolution: If [get_<value>] was used to populate the object, check to make sure this command returns at least one valid object.
WARNING: [Vivado 12-584] No ports matched 'VGA_BLUE_O[2]'. [D:/Proiecte_PSN/vga_controller/vga_controller.srcs/constrs_1/new/vga_controller.xdc:26]
CRITICAL WARNING: [Common 17-55] 'set_property' expects at least one object. [D:/Proiecte_PSN/vga_controller/vga_controller.srcs/constrs_1/new/vga_controller.xdc:26]
Resolution: If [get_<value>] was used to populate the object, check to make sure this command returns at least one valid object.
WARNING: [Vivado 12-584] No ports matched 'VGA_BLUE_O[3]'. [D:/Proiecte_PSN/vga_controller/vga_controller.srcs/constrs_1/new/vga_controller.xdc:28]
CRITICAL WARNING: [Common 17-55] 'set_property' expects at least one object. [D:/Proiecte_PSN/vga_controller/vga_controller.srcs/constrs_1/new/vga_controller.xdc:28]
Resolution: If [get_<value>] was used to populate the object, check to make sure this command returns at least one valid object.
WARNING: [Vivado 12-584] No ports matched 'VGA_BLUE_O[3]'. [D:/Proiecte_PSN/vga_controller/vga_controller.srcs/constrs_1/new/vga_controller.xdc:29]
CRITICAL WARNING: [Common 17-55] 'set_property' expects at least one object. [D:/Proiecte_PSN/vga_controller/vga_controller.srcs/constrs_1/new/vga_controller.xdc:29]
Resolution: If [get_<value>] was used to populate the object, check to make sure this command returns at least one valid object.
WARNING: [Vivado 12-584] No ports matched 'VGA_GREEN_O[0]'. [D:/Proiecte_PSN/vga_controller/vga_controller.srcs/constrs_1/new/vga_controller.xdc:31]
CRITICAL WARNING: [Common 17-55] 'set_property' expects at least one object. [D:/Proiecte_PSN/vga_controller/vga_controller.srcs/constrs_1/new/vga_controller.xdc:31]
Resolution: If [get_<value>] was used to populate the object, check to make sure this command returns at least one valid object.
WARNING: [Vivado 12-584] No ports matched 'VGA_GREEN_O[0]'. [D:/Proiecte_PSN/vga_controller/vga_controller.srcs/constrs_1/new/vga_controller.xdc:32]
CRITICAL WARNING: [Common 17-55] 'set_property' expects at least one object. [D:/Proiecte_PSN/vga_controller/vga_controller.srcs/constrs_1/new/vga_controller.xdc:32]
Resolution: If [get_<value>] was used to populate the object, check to make sure this command returns at least one valid object.
WARNING: [Vivado 12-584] No ports matched 'VGA_GREEN_O[1]'. [D:/Proiecte_PSN/vga_controller/vga_controller.srcs/constrs_1/new/vga_controller.xdc:34]
CRITICAL WARNING: [Common 17-55] 'set_property' expects at least one object. [D:/Proiecte_PSN/vga_controller/vga_controller.srcs/constrs_1/new/vga_controller.xdc:34]
Resolution: If [get_<value>] was used to populate the object, check to make sure this command returns at least one valid object.
WARNING: [Vivado 12-584] No ports matched 'VGA_GREEN_O[1]'. [D:/Proiecte_PSN/vga_controller/vga_controller.srcs/constrs_1/new/vga_controller.xdc:35]
CRITICAL WARNING: [Common 17-55] 'set_property' expects at least one object. [D:/Proiecte_PSN/vga_controller/vga_controller.srcs/constrs_1/new/vga_controller.xdc:35]
Resolution: If [get_<value>] was used to populate the object, check to make sure this command returns at least one valid object.
WARNING: [Vivado 12-584] No ports matched 'VGA_GREEN_O[2]'. [D:/Proiecte_PSN/vga_controller/vga_controller.srcs/constrs_1/new/vga_controller.xdc:37]
CRITICAL WARNING: [Common 17-55] 'set_property' expects at least one object. [D:/Proiecte_PSN/vga_controller/vga_controller.srcs/constrs_1/new/vga_controller.xdc:37]
Resolution: If [get_<value>] was used to populate the object, check to make sure this command returns at least one valid object.
WARNING: [Vivado 12-584] No ports matched 'VGA_GREEN_O[2]'. [D:/Proiecte_PSN/vga_controller/vga_controller.srcs/constrs_1/new/vga_controller.xdc:38]
CRITICAL WARNING: [Common 17-55] 'set_property' expects at least one object. [D:/Proiecte_PSN/vga_controller/vga_controller.srcs/constrs_1/new/vga_controller.xdc:38]
Resolution: If [get_<value>] was used to populate the object, check to make sure this command returns at least one valid object.
WARNING: [Vivado 12-584] No ports matched 'VGA_GREEN_O[3]'. [D:/Proiecte_PSN/vga_controller/vga_controller.srcs/constrs_1/new/vga_controller.xdc:40]
CRITICAL WARNING: [Common 17-55] 'set_property' expects at least one object. [D:/Proiecte_PSN/vga_controller/vga_controller.srcs/constrs_1/new/vga_controller.xdc:40]
Resolution: If [get_<value>] was used to populate the object, check to make sure this command returns at least one valid object.
WARNING: [Vivado 12-584] No ports matched 'VGA_GREEN_O[3]'. [D:/Proiecte_PSN/vga_controller/vga_controller.srcs/constrs_1/new/vga_controller.xdc:41]
CRITICAL WARNING: [Common 17-55] 'set_property' expects at least one object. [D:/Proiecte_PSN/vga_controller/vga_controller.srcs/constrs_1/new/vga_controller.xdc:41]
Resolution: If [get_<value>] was used to populate the object, check to make sure this command returns at least one valid object.
WARNING: [Vivado 12-584] No ports matched 'VGA_HS_O'. [D:/Proiecte_PSN/vga_controller/vga_controller.srcs/constrs_1/new/vga_controller.xdc:43]
CRITICAL WARNING: [Common 17-55] 'set_property' expects at least one object. [D:/Proiecte_PSN/vga_controller/vga_controller.srcs/constrs_1/new/vga_controller.xdc:43]
Resolution: If [get_<value>] was used to populate the object, check to make sure this command returns at least one valid object.
WARNING: [Vivado 12-584] No ports matched 'VGA_HS_O'. [D:/Proiecte_PSN/vga_controller/vga_controller.srcs/constrs_1/new/vga_controller.xdc:44]
CRITICAL WARNING: [Common 17-55] 'set_property' expects at least one object. [D:/Proiecte_PSN/vga_controller/vga_controller.srcs/constrs_1/new/vga_controller.xdc:44]
Resolution: If [get_<value>] was used to populate the object, check to make sure this command returns at least one valid object.
WARNING: [Vivado 12-584] No ports matched 'VGA_VS_O'. [D:/Proiecte_PSN/vga_controller/vga_controller.srcs/constrs_1/new/vga_controller.xdc:46]
CRITICAL WARNING: [Common 17-55] 'set_property' expects at least one object. [D:/Proiecte_PSN/vga_controller/vga_controller.srcs/constrs_1/new/vga_controller.xdc:46]
Resolution: If [get_<value>] was used to populate the object, check to make sure this command returns at least one valid object.
WARNING: [Vivado 12-584] No ports matched 'VGA_VS_O'. [D:/Proiecte_PSN/vga_controller/vga_controller.srcs/constrs_1/new/vga_controller.xdc:47]
CRITICAL WARNING: [Common 17-55] 'set_property' expects at least one object. [D:/Proiecte_PSN/vga_controller/vga_controller.srcs/constrs_1/new/vga_controller.xdc:47]
Resolution: If [get_<value>] was used to populate the object, check to make sure this command returns at least one valid object.
WARNING: [Vivado 12-584] No ports matched 'VGA_RED_I[0]'. [D:/Proiecte_PSN/vga_controller/vga_controller.srcs/constrs_1/new/vga_controller.xdc:49]
CRITICAL WARNING: [Common 17-55] 'set_property' expects at least one object. [D:/Proiecte_PSN/vga_controller/vga_controller.srcs/constrs_1/new/vga_controller.xdc:49]
Resolution: If [get_<value>] was used to populate the object, check to make sure this command returns at least one valid object.
WARNING: [Vivado 12-584] No ports matched 'VGA_RED_I[0]'. [D:/Proiecte_PSN/vga_controller/vga_controller.srcs/constrs_1/new/vga_controller.xdc:50]
CRITICAL WARNING: [Common 17-55] 'set_property' expects at least one object. [D:/Proiecte_PSN/vga_controller/vga_controller.srcs/constrs_1/new/vga_controller.xdc:50]
Resolution: If [get_<value>] was used to populate the object, check to make sure this command returns at least one valid object.
WARNING: [Vivado 12-584] No ports matched 'VGA_RED_I[1]'. [D:/Proiecte_PSN/vga_controller/vga_controller.srcs/constrs_1/new/vga_controller.xdc:52]
CRITICAL WARNING: [Common 17-55] 'set_property' expects at least one object. [D:/Proiecte_PSN/vga_controller/vga_controller.srcs/constrs_1/new/vga_controller.xdc:52]
Resolution: If [get_<value>] was used to populate the object, check to make sure this command returns at least one valid object.
WARNING: [Vivado 12-584] No ports matched 'VGA_RED_I[1]'. [D:/Proiecte_PSN/vga_controller/vga_controller.srcs/constrs_1/new/vga_controller.xdc:53]
CRITICAL WARNING: [Common 17-55] 'set_property' expects at least one object. [D:/Proiecte_PSN/vga_controller/vga_controller.srcs/constrs_1/new/vga_controller.xdc:53]
Resolution: If [get_<value>] was used to populate the object, check to make sure this command returns at least one valid object.
WARNING: [Vivado 12-584] No ports matched 'VGA_RED_I[2]'. [D:/Proiecte_PSN/vga_controller/vga_controller.srcs/constrs_1/new/vga_controller.xdc:55]
CRITICAL WARNING: [Common 17-55] 'set_property' expects at least one object. [D:/Proiecte_PSN/vga_controller/vga_controller.srcs/constrs_1/new/vga_controller.xdc:55]
Resolution: If [get_<value>] was used to populate the object, check to make sure this command returns at least one valid object.
WARNING: [Vivado 12-584] No ports matched 'VGA_RED_I[2]'. [D:/Proiecte_PSN/vga_controller/vga_controller.srcs/constrs_1/new/vga_controller.xdc:56]
CRITICAL WARNING: [Common 17-55] 'set_property' expects at least one object. [D:/Proiecte_PSN/vga_controller/vga_controller.srcs/constrs_1/new/vga_controller.xdc:56]
Resolution: If [get_<value>] was used to populate the object, check to make sure this command returns at least one valid object.
WARNING: [Vivado 12-584] No ports matched 'VGA_RED_I[3]'. [D:/Proiecte_PSN/vga_controller/vga_controller.srcs/constrs_1/new/vga_controller.xdc:58]
CRITICAL WARNING: [Common 17-55] 'set_property' expects at least one object. [D:/Proiecte_PSN/vga_controller/vga_controller.srcs/constrs_1/new/vga_controller.xdc:58]
Resolution: If [get_<value>] was used to populate the object, check to make sure this command returns at least one valid object.
WARNING: [Vivado 12-584] No ports matched 'VGA_RED_I[3]'. [D:/Proiecte_PSN/vga_controller/vga_controller.srcs/constrs_1/new/vga_controller.xdc:59]
CRITICAL WARNING: [Common 17-55] 'set_property' expects at least one object. [D:/Proiecte_PSN/vga_controller/vga_controller.srcs/constrs_1/new/vga_controller.xdc:59]
Resolution: If [get_<value>] was used to populate the object, check to make sure this command returns at least one valid object.
WARNING: [Vivado 12-584] No ports matched 'VGA_GREEN_I[0]'. [D:/Proiecte_PSN/vga_controller/vga_controller.srcs/constrs_1/new/vga_controller.xdc:61]
CRITICAL WARNING: [Common 17-55] 'set_property' expects at least one object. [D:/Proiecte_PSN/vga_controller/vga_controller.srcs/constrs_1/new/vga_controller.xdc:61]
Resolution: If [get_<value>] was used to populate the object, check to make sure this command returns at least one valid object.
WARNING: [Vivado 12-584] No ports matched 'VGA_GREEN_I[0]'. [D:/Proiecte_PSN/vga_controller/vga_controller.srcs/constrs_1/new/vga_controller.xdc:62]
CRITICAL WARNING: [Common 17-55] 'set_property' expects at least one object. [D:/Proiecte_PSN/vga_controller/vga_controller.srcs/constrs_1/new/vga_controller.xdc:62]
Resolution: If [get_<value>] was used to populate the object, check to make sure this command returns at least one valid object.
WARNING: [Vivado 12-584] No ports matched 'VGA_GREEN_I[1]'. [D:/Proiecte_PSN/vga_controller/vga_controller.srcs/constrs_1/new/vga_controller.xdc:64]
CRITICAL WARNING: [Common 17-55] 'set_property' expects at least one object. [D:/Proiecte_PSN/vga_controller/vga_controller.srcs/constrs_1/new/vga_controller.xdc:64]
Resolution: If [get_<value>] was used to populate the object, check to make sure this command returns at least one valid object.
WARNING: [Vivado 12-584] No ports matched 'VGA_GREEN_I[1]'. [D:/Proiecte_PSN/vga_controller/vga_controller.srcs/constrs_1/new/vga_controller.xdc:65]
CRITICAL WARNING: [Common 17-55] 'set_property' expects at least one object. [D:/Proiecte_PSN/vga_controller/vga_controller.srcs/constrs_1/new/vga_controller.xdc:65]
Resolution: If [get_<value>] was used to populate the object, check to make sure this command returns at least one valid object.
WARNING: [Vivado 12-584] No ports matched 'VGA_GREEN_I[2]'. [D:/Proiecte_PSN/vga_controller/vga_controller.srcs/constrs_1/new/vga_controller.xdc:67]
CRITICAL WARNING: [Common 17-55] 'set_property' expects at least one object. [D:/Proiecte_PSN/vga_controller/vga_controller.srcs/constrs_1/new/vga_controller.xdc:67]
Resolution: If [get_<value>] was used to populate the object, check to make sure this command returns at least one valid object.
WARNING: [Vivado 12-584] No ports matched 'VGA_GREEN_I[2]'. [D:/Proiecte_PSN/vga_controller/vga_controller.srcs/constrs_1/new/vga_controller.xdc:68]
CRITICAL WARNING: [Common 17-55] 'set_property' expects at least one object. [D:/Proiecte_PSN/vga_controller/vga_controller.srcs/constrs_1/new/vga_controller.xdc:68]
Resolution: If [get_<value>] was used to populate the object, check to make sure this command returns at least one valid object.
WARNING: [Vivado 12-584] No ports matched 'VGA_GREEN_I[3]'. [D:/Proiecte_PSN/vga_controller/vga_controller.srcs/constrs_1/new/vga_controller.xdc:70]
CRITICAL WARNING: [Common 17-55] 'set_property' expects at least one object. [D:/Proiecte_PSN/vga_controller/vga_controller.srcs/constrs_1/new/vga_controller.xdc:70]
Resolution: If [get_<value>] was used to populate the object, check to make sure this command returns at least one valid object.
WARNING: [Vivado 12-584] No ports matched 'VGA_GREEN_I[3]'. [D:/Proiecte_PSN/vga_controller/vga_controller.srcs/constrs_1/new/vga_controller.xdc:71]
CRITICAL WARNING: [Common 17-55] 'set_property' expects at least one object. [D:/Proiecte_PSN/vga_controller/vga_controller.srcs/constrs_1/new/vga_controller.xdc:71]
Resolution: If [get_<value>] was used to populate the object, check to make sure this command returns at least one valid object.
WARNING: [Vivado 12-584] No ports matched 'VGA_BLUE_I[0]'. [D:/Proiecte_PSN/vga_controller/vga_controller.srcs/constrs_1/new/vga_controller.xdc:73]
CRITICAL WARNING: [Common 17-55] 'set_property' expects at least one object. [D:/Proiecte_PSN/vga_controller/vga_controller.srcs/constrs_1/new/vga_controller.xdc:73]
Resolution: If [get_<value>] was used to populate the object, check to make sure this command returns at least one valid object.
WARNING: [Vivado 12-584] No ports matched 'VGA_BLUE_I[0]'. [D:/Proiecte_PSN/vga_controller/vga_controller.srcs/constrs_1/new/vga_controller.xdc:74]
CRITICAL WARNING: [Common 17-55] 'set_property' expects at least one object. [D:/Proiecte_PSN/vga_controller/vga_controller.srcs/constrs_1/new/vga_controller.xdc:74]
Resolution: If [get_<value>] was used to populate the object, check to make sure this command returns at least one valid object.
WARNING: [Vivado 12-584] No ports matched 'VGA_BLUE_I[1]'. [D:/Proiecte_PSN/vga_controller/vga_controller.srcs/constrs_1/new/vga_controller.xdc:76]
CRITICAL WARNING: [Common 17-55] 'set_property' expects at least one object. [D:/Proiecte_PSN/vga_controller/vga_controller.srcs/constrs_1/new/vga_controller.xdc:76]
Resolution: If [get_<value>] was used to populate the object, check to make sure this command returns at least one valid object.
WARNING: [Vivado 12-584] No ports matched 'VGA_BLUE_I[1]'. [D:/Proiecte_PSN/vga_controller/vga_controller.srcs/constrs_1/new/vga_controller.xdc:77]
CRITICAL WARNING: [Common 17-55] 'set_property' expects at least one object. [D:/Proiecte_PSN/vga_controller/vga_controller.srcs/constrs_1/new/vga_controller.xdc:77]
Resolution: If [get_<value>] was used to populate the object, check to make sure this command returns at least one valid object.
WARNING: [Vivado 12-584] No ports matched 'VGA_BLUE_I[2]'. [D:/Proiecte_PSN/vga_controller/vga_controller.srcs/constrs_1/new/vga_controller.xdc:79]
CRITICAL WARNING: [Common 17-55] 'set_property' expects at least one object. [D:/Proiecte_PSN/vga_controller/vga_controller.srcs/constrs_1/new/vga_controller.xdc:79]
Resolution: If [get_<value>] was used to populate the object, check to make sure this command returns at least one valid object.
WARNING: [Vivado 12-584] No ports matched 'VGA_BLUE_I[2]'. [D:/Proiecte_PSN/vga_controller/vga_controller.srcs/constrs_1/new/vga_controller.xdc:80]
CRITICAL WARNING: [Common 17-55] 'set_property' expects at least one object. [D:/Proiecte_PSN/vga_controller/vga_controller.srcs/constrs_1/new/vga_controller.xdc:80]
Resolution: If [get_<value>] was used to populate the object, check to make sure this command returns at least one valid object.
WARNING: [Vivado 12-584] No ports matched 'VGA_BLUE_I[3]'. [D:/Proiecte_PSN/vga_controller/vga_controller.srcs/constrs_1/new/vga_controller.xdc:82]
CRITICAL WARNING: [Common 17-55] 'set_property' expects at least one object. [D:/Proiecte_PSN/vga_controller/vga_controller.srcs/constrs_1/new/vga_controller.xdc:82]
Resolution: If [get_<value>] was used to populate the object, check to make sure this command returns at least one valid object.
WARNING: [Vivado 12-584] No ports matched 'VGA_BLUE_I[3]'. [D:/Proiecte_PSN/vga_controller/vga_controller.srcs/constrs_1/new/vga_controller.xdc:83]
CRITICAL WARNING: [Common 17-55] 'set_property' expects at least one object. [D:/Proiecte_PSN/vga_controller/vga_controller.srcs/constrs_1/new/vga_controller.xdc:83]
Resolution: If [get_<value>] was used to populate the object, check to make sure this command returns at least one valid object.
WARNING: [Vivado 12-584] No ports matched 'IMAGE[1]'. [D:/Proiecte_PSN/vga_controller/vga_controller.srcs/constrs_1/new/vga_controller.xdc:85]
CRITICAL WARNING: [Common 17-55] 'set_property' expects at least one object. [D:/Proiecte_PSN/vga_controller/vga_controller.srcs/constrs_1/new/vga_controller.xdc:85]
Resolution: If [get_<value>] was used to populate the object, check to make sure this command returns at least one valid object.
WARNING: [Vivado 12-584] No ports matched 'IMAGE[1]'. [D:/Proiecte_PSN/vga_controller/vga_controller.srcs/constrs_1/new/vga_controller.xdc:86]
CRITICAL WARNING: [Common 17-55] 'set_property' expects at least one object. [D:/Proiecte_PSN/vga_controller/vga_controller.srcs/constrs_1/new/vga_controller.xdc:86]
Resolution: If [get_<value>] was used to populate the object, check to make sure this command returns at least one valid object.
WARNING: [Vivado 12-584] No ports matched 'IMAGE[0]'. [D:/Proiecte_PSN/vga_controller/vga_controller.srcs/constrs_1/new/vga_controller.xdc:88]
CRITICAL WARNING: [Common 17-55] 'set_property' expects at least one object. [D:/Proiecte_PSN/vga_controller/vga_controller.srcs/constrs_1/new/vga_controller.xdc:88]
Resolution: If [get_<value>] was used to populate the object, check to make sure this command returns at least one valid object.
WARNING: [Vivado 12-584] No ports matched 'IMAGE[0]'. [D:/Proiecte_PSN/vga_controller/vga_controller.srcs/constrs_1/new/vga_controller.xdc:89]
CRITICAL WARNING: [Common 17-55] 'set_property' expects at least one object. [D:/Proiecte_PSN/vga_controller/vga_controller.srcs/constrs_1/new/vga_controller.xdc:89]
Resolution: If [get_<value>] was used to populate the object, check to make sure this command returns at least one valid object.
WARNING: [Vivado 12-584] No ports matched 'BTNU'. [D:/Proiecte_PSN/vga_controller/vga_controller.srcs/constrs_1/new/vga_controller.xdc:91]
CRITICAL WARNING: [Common 17-55] 'set_property' expects at least one object. [D:/Proiecte_PSN/vga_controller/vga_controller.srcs/constrs_1/new/vga_controller.xdc:91]
Resolution: If [get_<value>] was used to populate the object, check to make sure this command returns at least one valid object.
WARNING: [Vivado 12-584] No ports matched 'BTNU'. [D:/Proiecte_PSN/vga_controller/vga_controller.srcs/constrs_1/new/vga_controller.xdc:92]
CRITICAL WARNING: [Common 17-55] 'set_property' expects at least one object. [D:/Proiecte_PSN/vga_controller/vga_controller.srcs/constrs_1/new/vga_controller.xdc:92]
Resolution: If [get_<value>] was used to populate the object, check to make sure this command returns at least one valid object.
WARNING: [Vivado 12-584] No ports matched 'BTNR'. [D:/Proiecte_PSN/vga_controller/vga_controller.srcs/constrs_1/new/vga_controller.xdc:94]
CRITICAL WARNING: [Common 17-55] 'set_property' expects at least one object. [D:/Proiecte_PSN/vga_controller/vga_controller.srcs/constrs_1/new/vga_controller.xdc:94]
Resolution: If [get_<value>] was used to populate the object, check to make sure this command returns at least one valid object.
WARNING: [Vivado 12-584] No ports matched 'BTNR'. [D:/Proiecte_PSN/vga_controller/vga_controller.srcs/constrs_1/new/vga_controller.xdc:95]
CRITICAL WARNING: [Common 17-55] 'set_property' expects at least one object. [D:/Proiecte_PSN/vga_controller/vga_controller.srcs/constrs_1/new/vga_controller.xdc:95]
Resolution: If [get_<value>] was used to populate the object, check to make sure this command returns at least one valid object.
WARNING: [Vivado 12-584] No ports matched 'BTNL'. [D:/Proiecte_PSN/vga_controller/vga_controller.srcs/constrs_1/new/vga_controller.xdc:97]
CRITICAL WARNING: [Common 17-55] 'set_property' expects at least one object. [D:/Proiecte_PSN/vga_controller/vga_controller.srcs/constrs_1/new/vga_controller.xdc:97]
Resolution: If [get_<value>] was used to populate the object, check to make sure this command returns at least one valid object.
WARNING: [Vivado 12-584] No ports matched 'BTNL'. [D:/Proiecte_PSN/vga_controller/vga_controller.srcs/constrs_1/new/vga_controller.xdc:98]
CRITICAL WARNING: [Common 17-55] 'set_property' expects at least one object. [D:/Proiecte_PSN/vga_controller/vga_controller.srcs/constrs_1/new/vga_controller.xdc:98]
Resolution: If [get_<value>] was used to populate the object, check to make sure this command returns at least one valid object.
WARNING: [Vivado 12-584] No ports matched 'BTND'. [D:/Proiecte_PSN/vga_controller/vga_controller.srcs/constrs_1/new/vga_controller.xdc:100]
CRITICAL WARNING: [Common 17-55] 'set_property' expects at least one object. [D:/Proiecte_PSN/vga_controller/vga_controller.srcs/constrs_1/new/vga_controller.xdc:100]
Resolution: If [get_<value>] was used to populate the object, check to make sure this command returns at least one valid object.
WARNING: [Vivado 12-584] No ports matched 'BTND'. [D:/Proiecte_PSN/vga_controller/vga_controller.srcs/constrs_1/new/vga_controller.xdc:101]
CRITICAL WARNING: [Common 17-55] 'set_property' expects at least one object. [D:/Proiecte_PSN/vga_controller/vga_controller.srcs/constrs_1/new/vga_controller.xdc:101]
Resolution: If [get_<value>] was used to populate the object, check to make sure this command returns at least one valid object.
WARNING: [Vivado 12-584] No ports matched 'LED1'. [D:/Proiecte_PSN/vga_controller/vga_controller.srcs/constrs_1/new/vga_controller.xdc:103]
CRITICAL WARNING: [Common 17-55] 'set_property' expects at least one object. [D:/Proiecte_PSN/vga_controller/vga_controller.srcs/constrs_1/new/vga_controller.xdc:103]
Resolution: If [get_<value>] was used to populate the object, check to make sure this command returns at least one valid object.
WARNING: [Vivado 12-584] No ports matched 'LED1'. [D:/Proiecte_PSN/vga_controller/vga_controller.srcs/constrs_1/new/vga_controller.xdc:104]
CRITICAL WARNING: [Common 17-55] 'set_property' expects at least one object. [D:/Proiecte_PSN/vga_controller/vga_controller.srcs/constrs_1/new/vga_controller.xdc:104]
Resolution: If [get_<value>] was used to populate the object, check to make sure this command returns at least one valid object.
WARNING: [Vivado 12-584] No ports matched 'LED2'. [D:/Proiecte_PSN/vga_controller/vga_controller.srcs/constrs_1/new/vga_controller.xdc:106]
CRITICAL WARNING: [Common 17-55] 'set_property' expects at least one object. [D:/Proiecte_PSN/vga_controller/vga_controller.srcs/constrs_1/new/vga_controller.xdc:106]
Resolution: If [get_<value>] was used to populate the object, check to make sure this command returns at least one valid object.
WARNING: [Vivado 12-584] No ports matched 'LED2'. [D:/Proiecte_PSN/vga_controller/vga_controller.srcs/constrs_1/new/vga_controller.xdc:107]
CRITICAL WARNING: [Common 17-55] 'set_property' expects at least one object. [D:/Proiecte_PSN/vga_controller/vga_controller.srcs/constrs_1/new/vga_controller.xdc:107]
Resolution: If [get_<value>] was used to populate the object, check to make sure this command returns at least one valid object.
WARNING: [Vivado 12-584] No ports matched 'LED3'. [D:/Proiecte_PSN/vga_controller/vga_controller.srcs/constrs_1/new/vga_controller.xdc:109]
CRITICAL WARNING: [Common 17-55] 'set_property' expects at least one object. [D:/Proiecte_PSN/vga_controller/vga_controller.srcs/constrs_1/new/vga_controller.xdc:109]
Resolution: If [get_<value>] was used to populate the object, check to make sure this command returns at least one valid object.
WARNING: [Vivado 12-584] No ports matched 'LED3'. [D:/Proiecte_PSN/vga_controller/vga_controller.srcs/constrs_1/new/vga_controller.xdc:110]
CRITICAL WARNING: [Common 17-55] 'set_property' expects at least one object. [D:/Proiecte_PSN/vga_controller/vga_controller.srcs/constrs_1/new/vga_controller.xdc:110]
Resolution: If [get_<value>] was used to populate the object, check to make sure this command returns at least one valid object.
WARNING: [Vivado 12-584] No ports matched 'LED4'. [D:/Proiecte_PSN/vga_controller/vga_controller.srcs/constrs_1/new/vga_controller.xdc:112]
CRITICAL WARNING: [Common 17-55] 'set_property' expects at least one object. [D:/Proiecte_PSN/vga_controller/vga_controller.srcs/constrs_1/new/vga_controller.xdc:112]
Resolution: If [get_<value>] was used to populate the object, check to make sure this command returns at least one valid object.
WARNING: [Vivado 12-584] No ports matched 'LED4'. [D:/Proiecte_PSN/vga_controller/vga_controller.srcs/constrs_1/new/vga_controller.xdc:113]
CRITICAL WARNING: [Common 17-55] 'set_property' expects at least one object. [D:/Proiecte_PSN/vga_controller/vga_controller.srcs/constrs_1/new/vga_controller.xdc:113]
Resolution: If [get_<value>] was used to populate the object, check to make sure this command returns at least one valid object.
Finished Parsing XDC File [D:/Proiecte_PSN/vga_controller/vga_controller.srcs/constrs_1/new/vga_controller.xdc]
Completed Processing XDC Constraints

Netlist sorting complete. Time (s): cpu = 00:00:00 ; elapsed = 00:00:00 . Memory (MB): peak = 1566.445 ; gain = 0.000
INFO: [Project 1-111] Unisim Transformation Summary:
No Unisim elements were transformed.

Constraint Validation Runtime : Time (s): cpu = 00:00:00 ; elapsed = 00:00:00.001 . Memory (MB): peak = 1566.445 ; gain = 0.000

*** Running vivado
    with args -log vga_controller.vds -m64 -product Vivado -mode batch -messageDb vivado.pb -notrace -source vga_controller.tcl



****** Vivado v2021.2 (64-bit)
  **** SW Build 3367213 on Tue Oct 19 02:48:09 MDT 2021
  **** IP Build 3369179 on Thu Oct 21 08:25:16 MDT 2021
    ** Copyright 1986-2021 Xilinx, Inc. All Rights Reserved.

source vga_controller.tcl -notrace
Command: read_checkpoint -auto_incremental -incremental D:/Proiecte_PSN/vga_controller/vga_controller.srcs/utils_1/imports/synth_1/vga_controller.dcp
INFO: [Vivado 12-5825] Read reference checkpoint from D:/Proiecte_PSN/vga_controller/vga_controller.srcs/utils_1/imports/synth_1/vga_controller.dcp for incremental synthesis
INFO: [Vivado 12-7989] Please ensure there are no constraint changes
Command: synth_design -top vga_controller -part xc7a35tcpg236-1
Starting synth_design
Attempting to get a license for feature 'Synthesis' and/or device 'xc7a35t'
INFO: [Common 17-349] Got license for feature 'Synthesis' and/or device 'xc7a35t'
INFO: [Device 21-403] Loading part xc7a35tcpg236-1
WARNING: [Designutils 20-4072] Reference run did not run incremental synthesis because the design is too small; reverting to default synthesis
INFO: [Designutils 20-4379] Flow is switching to default flow due to incremental criteria not met. If you would like to alter this behaviour and have the flow terminate instead, please set the following parameter config_implementation {autoIncr.Synth.RejectBehavior Terminate}
INFO: [Synth 8-7079] Multithreading enabled for synth_design using a maximum of 2 processes.
INFO: [Synth 8-7078] Launching helper process for spawning children vivado processes
INFO: [Synth 8-7075] Helper process launched with PID 16524
---------------------------------------------------------------------------------
Starting RTL Elaboration : Time (s): cpu = 00:00:05 ; elapsed = 00:00:05 . Memory (MB): peak = 1566.426 ; gain = 0.000
---------------------------------------------------------------------------------
INFO: [Synth 8-638] synthesizing module 'vga_controller' [D:/Proiecte_PSN/vga_controller/vga_controller.srcs/sources_1/new/vga_controller.vhd:29]
INFO: [Synth 8-3491] module 'clk_mul' declared at 'D:/Proiecte_PSN/vga_controller/vga_controller.srcs/sources_1/new/clk_mul.vhd:21' bound to instance 'clk_modifier' of component 'clk_mul' [D:/Proiecte_PSN/vga_controller/vga_controller.srcs/sources_1/new/vga_controller.vhd:95]
INFO: [Synth 8-638] synthesizing module 'clk_mul' [D:/Proiecte_PSN/vga_controller/vga_controller.srcs/sources_1/new/clk_mul.vhd:26]
	Parameter BANDWIDTH bound to: OPTIMIZED - type: string 
	Parameter CLKFBOUT_MULT_F bound to: 10.125000 - type: double 
	Parameter CLKFBOUT_PHASE bound to: 0.000000 - type: double 
	Parameter CLKFBOUT_USE_FINE_PS bound to: 0 - type: bool 
	Parameter CLKIN1_PERIOD bound to: 10.000000 - type: double 
	Parameter CLKOUT0_DIVIDE_F bound to: 9.375000 - type: double 
	Parameter CLKOUT0_DUTY_CYCLE bound to: 0.500000 - type: double 
	Parameter CLKOUT0_PHASE bound to: 0.000000 - type: double 
	Parameter CLKOUT0_USE_FINE_PS bound to: 0 - type: bool 
	Parameter CLKOUT4_CASCADE bound to: 0 - type: bool 
	Parameter COMPENSATION bound to: ZHOLD - type: string 
	Parameter DIVCLK_DIVIDE bound to: 1 - type: integer 
	Parameter REF_JITTER1 bound to: 0.010000 - type: double 
	Parameter STARTUP_WAIT bound to: 0 - type: bool 
INFO: [Synth 8-113] binding component instance 'mmcm_adv_inst' to cell 'MMCME2_ADV' [D:/Proiecte_PSN/vga_controller/vga_controller.srcs/sources_1/new/clk_mul.vhd:68]
INFO: [Synth 8-113] binding component instance 'clkf_buf' to cell 'BUFG' [D:/Proiecte_PSN/vga_controller/vga_controller.srcs/sources_1/new/clk_mul.vhd:130]
INFO: [Synth 8-113] binding component instance 'clkout1_buf' to cell 'BUFG' [D:/Proiecte_PSN/vga_controller/vga_controller.srcs/sources_1/new/clk_mul.vhd:137]
INFO: [Synth 8-256] done synthesizing module 'clk_mul' (1#1) [D:/Proiecte_PSN/vga_controller/vga_controller.srcs/sources_1/new/clk_mul.vhd:26]
INFO: [Synth 8-3491] module 'debouncer' declared at 'D:/Proiecte_PSN/vga_controller/vga_controller.srcs/sources_1/new/debouncer.vhd:4' bound to instance 'ebu' of component 'debouncer' [D:/Proiecte_PSN/vga_controller/vga_controller.srcs/sources_1/new/vga_controller.vhd:96]
INFO: [Synth 8-638] synthesizing module 'debouncer' [D:/Proiecte_PSN/vga_controller/vga_controller.srcs/sources_1/new/debouncer.vhd:25]
INFO: [Synth 8-3491] module 'bist_d' declared at 'D:/Proiecte_PSN/vga_controller/vga_controller.srcs/sources_1/new/bist_d.vhd:4' bound to instance 'B1' of component 'bist_d' [D:/Proiecte_PSN/vga_controller/vga_controller.srcs/sources_1/new/debouncer.vhd:42]
INFO: [Synth 8-638] synthesizing module 'bist_d' [D:/Proiecte_PSN/vga_controller/vga_controller.srcs/sources_1/new/bist_d.vhd:10]
INFO: [Synth 8-256] done synthesizing module 'bist_d' (2#1) [D:/Proiecte_PSN/vga_controller/vga_controller.srcs/sources_1/new/bist_d.vhd:10]
INFO: [Synth 8-3491] module 'bist_d' declared at 'D:/Proiecte_PSN/vga_controller/vga_controller.srcs/sources_1/new/bist_d.vhd:4' bound to instance 'B2' of component 'bist_d' [D:/Proiecte_PSN/vga_controller/vga_controller.srcs/sources_1/new/debouncer.vhd:43]
INFO: [Synth 8-3491] module 'bist_d' declared at 'D:/Proiecte_PSN/vga_controller/vga_controller.srcs/sources_1/new/bist_d.vhd:4' bound to instance 'B3' of component 'bist_d' [D:/Proiecte_PSN/vga_controller/vga_controller.srcs/sources_1/new/debouncer.vhd:44]
INFO: [Synth 8-3491] module 'and_gate_3' declared at 'D:/Proiecte_PSN/vga_controller/vga_controller.srcs/sources_1/new/debouncer.vhd:13' bound to instance 'SI' of component 'and_gate_3' [D:/Proiecte_PSN/vga_controller/vga_controller.srcs/sources_1/new/debouncer.vhd:45]
INFO: [Synth 8-638] synthesizing module 'and_gate_3' [D:/Proiecte_PSN/vga_controller/vga_controller.srcs/sources_1/new/debouncer.vhd:20]
INFO: [Synth 8-256] done synthesizing module 'and_gate_3' (3#1) [D:/Proiecte_PSN/vga_controller/vga_controller.srcs/sources_1/new/debouncer.vhd:20]
INFO: [Synth 8-256] done synthesizing module 'debouncer' (4#1) [D:/Proiecte_PSN/vga_controller/vga_controller.srcs/sources_1/new/debouncer.vhd:25]
INFO: [Synth 8-3491] module 'debouncer' declared at 'D:/Proiecte_PSN/vga_controller/vga_controller.srcs/sources_1/new/debouncer.vhd:4' bound to instance 'debd' of component 'debouncer' [D:/Proiecte_PSN/vga_controller/vga_controller.srcs/sources_1/new/vga_controller.vhd:97]
INFO: [Synth 8-3491] module 'debouncer' declared at 'D:/Proiecte_PSN/vga_controller/vga_controller.srcs/sources_1/new/debouncer.vhd:4' bound to instance 'debl' of component 'debouncer' [D:/Proiecte_PSN/vga_controller/vga_controller.srcs/sources_1/new/vga_controller.vhd:98]
INFO: [Synth 8-3491] module 'debouncer' declared at 'D:/Proiecte_PSN/vga_controller/vga_controller.srcs/sources_1/new/debouncer.vhd:4' bound to instance 'debr' of component 'debouncer' [D:/Proiecte_PSN/vga_controller/vga_controller.srcs/sources_1/new/vga_controller.vhd:99]
INFO: [Synth 8-256] done synthesizing module 'vga_controller' (5#1) [D:/Proiecte_PSN/vga_controller/vga_controller.srcs/sources_1/new/vga_controller.vhd:29]
---------------------------------------------------------------------------------
Finished RTL Elaboration : Time (s): cpu = 00:00:06 ; elapsed = 00:00:06 . Memory (MB): peak = 1566.426 ; gain = 0.000
---------------------------------------------------------------------------------
---------------------------------------------------------------------------------
Start Handling Custom Attributes
---------------------------------------------------------------------------------
---------------------------------------------------------------------------------
Finished Handling Custom Attributes : Time (s): cpu = 00:00:07 ; elapsed = 00:00:07 . Memory (MB): peak = 1566.426 ; gain = 0.000
---------------------------------------------------------------------------------
---------------------------------------------------------------------------------
Finished RTL Optimization Phase 1 : Time (s): cpu = 00:00:07 ; elapsed = 00:00:07 . Memory (MB): peak = 1566.426 ; gain = 0.000
---------------------------------------------------------------------------------
Netlist sorting complete. Time (s): cpu = 00:00:00 ; elapsed = 00:00:00.003 . Memory (MB): peak = 1566.426 ; gain = 0.000
INFO: [Netlist 29-17] Analyzing 1 Unisim elements for replacement
INFO: [Netlist 29-28] Unisim Transformation completed in 0 CPU seconds
INFO: [Project 1-570] Preparing netlist for logic optimization

Processing XDC Constraints
Initializing timing engine
Parsing XDC File [D:/Proiecte_PSN/vga_controller/vga_controller.srcs/constrs_1/new/vga_controller.xdc]
Finished Parsing XDC File [D:/Proiecte_PSN/vga_controller/vga_controller.srcs/constrs_1/new/vga_controller.xdc]
INFO: [Project 1-236] Implementation specific constraints were found while reading constraint file [D:/Proiecte_PSN/vga_controller/vga_controller.srcs/constrs_1/new/vga_controller.xdc]. These constraints will be ignored for synthesis but will be used in implementation. Impacted constraints are listed in the file [.Xil/vga_controller_propImpl.xdc].
Resolution: To avoid this warning, move constraints listed in [.Xil/vga_controller_propImpl.xdc] to another XDC file and exclude this new file from synthesis with the used_in_synthesis property (File Properties dialog in GUI) and re-run elaboration/synthesis.
INFO: [Timing 38-2] Deriving generated clocks
Completed Processing XDC Constraints

Netlist sorting complete. Time (s): cpu = 00:00:00 ; elapsed = 00:00:00 . Memory (MB): peak = 1603.520 ; gain = 0.000
INFO: [Project 1-111] Unisim Transformation Summary:
No Unisim elements were transformed.

Constraint Validation Runtime : Time (s): cpu = 00:00:00 ; elapsed = 00:00:00.003 . Memory (MB): peak = 1603.520 ; gain = 0.000
WARNING: [Designutils 20-4072] Reference run did not run incremental synthesis because the design is too small; reverting to default synthesis
INFO: [Designutils 20-4379] Flow is switching to default flow due to incremental criteria not met. If you would like to alter this behaviour and have the flow terminate instead, please set the following parameter config_implementation {autoIncr.Synth.RejectBehavior Terminate}
---------------------------------------------------------------------------------
Finished Constraint Validation : Time (s): cpu = 00:00:13 ; elapsed = 00:00:13 . Memory (MB): peak = 1603.520 ; gain = 37.094
---------------------------------------------------------------------------------
---------------------------------------------------------------------------------
Start Loading Part and Timing Information
---------------------------------------------------------------------------------
Loading part: xc7a35tcpg236-1
---------------------------------------------------------------------------------
Finished Loading Part and Timing Information : Time (s): cpu = 00:00:13 ; elapsed = 00:00:13 . Memory (MB): peak = 1603.520 ; gain = 37.094
---------------------------------------------------------------------------------
---------------------------------------------------------------------------------
Start Applying 'set_property' XDC Constraints
---------------------------------------------------------------------------------
---------------------------------------------------------------------------------
Finished applying 'set_property' XDC Constraints : Time (s): cpu = 00:00:13 ; elapsed = 00:00:13 . Memory (MB): peak = 1603.520 ; gain = 37.094
---------------------------------------------------------------------------------
---------------------------------------------------------------------------------
Finished RTL Optimization Phase 2 : Time (s): cpu = 00:00:14 ; elapsed = 00:00:14 . Memory (MB): peak = 1603.520 ; gain = 37.094
---------------------------------------------------------------------------------
---------------------------------------------------------------------------------
Start RTL Component Statistics 
---------------------------------------------------------------------------------
Detailed RTL Component Info : 
+---Adders : 
	   2 Input   31 Bit       Adders := 1     
+---Registers : 
	               31 Bit    Registers := 1     
	                4 Bit    Registers := 3     
	                1 Bit    Registers := 16    
+---Muxes : 
	   2 Input   31 Bit        Muxes := 1     
	   2 Input    4 Bit        Muxes := 9     
---------------------------------------------------------------------------------
Finished RTL Component Statistics 
---------------------------------------------------------------------------------
---------------------------------------------------------------------------------
Start Part Resource Summary
---------------------------------------------------------------------------------
Part Resources:
DSPs: 90 (col length:60)
BRAMs: 100 (col length: RAMB18 60 RAMB36 30)
---------------------------------------------------------------------------------
Finished Part Resource Summary
---------------------------------------------------------------------------------
---------------------------------------------------------------------------------
Start Cross Boundary and Area Optimization
---------------------------------------------------------------------------------
WARNING: [Synth 8-7080] Parallel synthesis criteria is not met
---------------------------------------------------------------------------------
Finished Cross Boundary and Area Optimization : Time (s): cpu = 00:00:16 ; elapsed = 00:00:16 . Memory (MB): peak = 1603.520 ; gain = 37.094
---------------------------------------------------------------------------------
---------------------------------------------------------------------------------
Start Applying XDC Timing Constraints
---------------------------------------------------------------------------------
---------------------------------------------------------------------------------
Finished Applying XDC Timing Constraints : Time (s): cpu = 00:00:22 ; elapsed = 00:00:22 . Memory (MB): peak = 1603.520 ; gain = 37.094
---------------------------------------------------------------------------------
---------------------------------------------------------------------------------
Start Timing Optimization
---------------------------------------------------------------------------------
---------------------------------------------------------------------------------
Finished Timing Optimization : Time (s): cpu = 00:00:22 ; elapsed = 00:00:22 . Memory (MB): peak = 1603.520 ; gain = 37.094
---------------------------------------------------------------------------------
---------------------------------------------------------------------------------
Start Technology Mapping
---------------------------------------------------------------------------------
---------------------------------------------------------------------------------
Finished Technology Mapping : Time (s): cpu = 00:00:22 ; elapsed = 00:00:22 . Memory (MB): peak = 1603.520 ; gain = 37.094
---------------------------------------------------------------------------------
---------------------------------------------------------------------------------
Start IO Insertion
---------------------------------------------------------------------------------
---------------------------------------------------------------------------------
Start Flattening Before IO Insertion
---------------------------------------------------------------------------------
---------------------------------------------------------------------------------
Finished Flattening Before IO Insertion
---------------------------------------------------------------------------------
---------------------------------------------------------------------------------
Start Final Netlist Cleanup
---------------------------------------------------------------------------------
---------------------------------------------------------------------------------
Finished Final Netlist Cleanup
---------------------------------------------------------------------------------
---------------------------------------------------------------------------------
Finished IO Insertion : Time (s): cpu = 00:00:27 ; elapsed = 00:00:27 . Memory (MB): peak = 1603.520 ; gain = 37.094
---------------------------------------------------------------------------------
---------------------------------------------------------------------------------
Start Renaming Generated Instances
---------------------------------------------------------------------------------
---------------------------------------------------------------------------------
Finished Renaming Generated Instances : Time (s): cpu = 00:00:27 ; elapsed = 00:00:27 . Memory (MB): peak = 1603.520 ; gain = 37.094
---------------------------------------------------------------------------------
---------------------------------------------------------------------------------
Start Rebuilding User Hierarchy
---------------------------------------------------------------------------------
---------------------------------------------------------------------------------
Finished Rebuilding User Hierarchy : Time (s): cpu = 00:00:27 ; elapsed = 00:00:27 . Memory (MB): peak = 1603.520 ; gain = 37.094
---------------------------------------------------------------------------------
---------------------------------------------------------------------------------
Start Renaming Generated Ports
---------------------------------------------------------------------------------
---------------------------------------------------------------------------------
Finished Renaming Generated Ports : Time (s): cpu = 00:00:27 ; elapsed = 00:00:27 . Memory (MB): peak = 1603.520 ; gain = 37.094
---------------------------------------------------------------------------------
---------------------------------------------------------------------------------
Start Handling Custom Attributes
---------------------------------------------------------------------------------
---------------------------------------------------------------------------------
Finished Handling Custom Attributes : Time (s): cpu = 00:00:27 ; elapsed = 00:00:27 . Memory (MB): peak = 1603.520 ; gain = 37.094
---------------------------------------------------------------------------------
---------------------------------------------------------------------------------
Start Renaming Generated Nets
---------------------------------------------------------------------------------
---------------------------------------------------------------------------------
Finished Renaming Generated Nets : Time (s): cpu = 00:00:27 ; elapsed = 00:00:27 . Memory (MB): peak = 1603.520 ; gain = 37.094
---------------------------------------------------------------------------------
---------------------------------------------------------------------------------
Start Writing Synthesis Report
---------------------------------------------------------------------------------

Report BlackBoxes: 
+-+--------------+----------+
| |BlackBox name |Instances |
+-+--------------+----------+
+-+--------------+----------+

Report Cell Usage: 
+------+-----------+------+
|      |Cell       |Count |
+------+-----------+------+
|1     |BUFG       |     2|
|2     |CARRY4     |    16|
|3     |LUT1       |     2|
|4     |LUT2       |     3|
|5     |LUT3       |     8|
|6     |LUT4       |    11|
|7     |LUT5       |    13|
|8     |LUT6       |    26|
|9     |MMCME2_ADV |     1|
|10    |FDRE       |    90|
|11    |IBUF       |    19|
|12    |OBUF       |    18|
+------+-----------+------+
---------------------------------------------------------------------------------
Finished Writing Synthesis Report : Time (s): cpu = 00:00:27 ; elapsed = 00:00:27 . Memory (MB): peak = 1603.520 ; gain = 37.094
---------------------------------------------------------------------------------
Synthesis finished with 0 errors, 0 critical warnings and 1 warnings.
Synthesis Optimization Runtime : Time (s): cpu = 00:00:18 ; elapsed = 00:00:25 . Memory (MB): peak = 1603.520 ; gain = 0.000
Synthesis Optimization Complete : Time (s): cpu = 00:00:27 ; elapsed = 00:00:27 . Memory (MB): peak = 1603.520 ; gain = 37.094
INFO: [Project 1-571] Translating synthesized netlist
Netlist sorting complete. Time (s): cpu = 00:00:00 ; elapsed = 00:00:00.004 . Memory (MB): peak = 1603.520 ; gain = 0.000
INFO: [Netlist 29-17] Analyzing 17 Unisim elements for replacement
INFO: [Netlist 29-28] Unisim Transformation completed in 0 CPU seconds
INFO: [Project 1-570] Preparing netlist for logic optimization
INFO: [Opt 31-138] Pushed 0 inverter(s) to 0 load pin(s).
Netlist sorting complete. Time (s): cpu = 00:00:00 ; elapsed = 00:00:00 . Memory (MB): peak = 1603.520 ; gain = 0.000
INFO: [Project 1-111] Unisim Transformation Summary:
No Unisim elements were transformed.

Synth Design complete, checksum: b34a98fd
INFO: [Common 17-83] Releasing license: Synthesis
44 Infos, 3 Warnings, 0 Critical Warnings and 0 Errors encountered.
synth_design completed successfully
synth_design: Time (s): cpu = 00:00:31 ; elapsed = 00:00:31 . Memory (MB): peak = 1603.520 ; gain = 37.094
INFO: [Common 17-1381] The checkpoint 'D:/Proiecte_PSN/vga_controller/vga_controller.runs/synth_1/vga_controller.dcp' has been generated.
INFO: [runtcl-4] Executing : report_utilization -file vga_controller_utilization_synth.rpt -pb vga_controller_utilization_synth.pb
INFO: [Common 17-206] Exiting Vivado at Tue Apr 12 22:42:03 2022...
